<?xml version="1.0" encoding="UTF-8"?>
<!-- Generated by org.testng.reporters.JUnitReportReporter -->
<testsuite hostname="LTIN332802" failures="0" tests="6" name="MINI.PROJECT.GoogleProject" time="13.279" errors="0" timestamp="2022-02-24T18:25:43 IST" skipped="0">
  <testcase classname="MINI.PROJECT.GoogleProject" name="printurl" time="0.864"/>
  <system-out/>
  <testcase classname="MINI.PROJECT.GoogleProject" name="searchoptionsdisplayed" time="1.213"/>
  <system-out/>
  <testcase classname="MINI.PROJECT.GoogleProject" name="screenshotoftheoptionsdisplayed" time="0.104"/>
  <system-out/>
  <testcase classname="MINI.PROJECT.GoogleProject" name="enter" time="2.436"/>
  <system-out/>
  <testcase classname="MINI.PROJECT.GoogleProject" name="numberofsearchresults" time="0.035"/>
  <system-out/>
  <testcase classname="MINI.PROJECT.GoogleProject" name="fullpagescreenshotofsearchresultspage" time="8.627"/>
  <system-out/>
</testsuite> <!-- MINI.PROJECT.GoogleProject -->
